mode: set
apilaundry/service/bill_service.go:20.120,27.2 1 1
apilaundry/service/bill_service.go:29.82,31.16 2 1
apilaundry/service/bill_service.go:31.16,33.3 1 0
apilaundry/service/bill_service.go:34.2,35.16 2 0
apilaundry/service/bill_service.go:35.16,37.3 1 0
apilaundry/service/bill_service.go:39.2,40.40 2 0
apilaundry/service/bill_service.go:40.40,42.17 2 0
apilaundry/service/bill_service.go:42.17,44.4 1 0
apilaundry/service/bill_service.go:45.3,45.107 1 0
apilaundry/service/bill_service.go:47.2,53.16 3 0
apilaundry/service/bill_service.go:53.16,55.3 1 0
apilaundry/service/bill_service.go:56.2,56.18 1 0
apilaundry/service/customer_service.go:18.70,20.16 2 0
apilaundry/service/customer_service.go:20.16,22.3 1 0
apilaundry/service/customer_service.go:23.2,23.22 1 0
apilaundry/service/customer_service.go:26.83,28.2 1 0
apilaundry/service/jwt_service.go:22.86,34.16 4 0
apilaundry/service/jwt_service.go:34.16,36.3 1 0
apilaundry/service/jwt_service.go:37.2,37.45 1 0
apilaundry/service/jwt_service.go:40.77,41.83 1 0
apilaundry/service/jwt_service.go:41.83,43.3 1 0
apilaundry/service/jwt_service.go:44.2,44.16 1 0
apilaundry/service/jwt_service.go:44.16,46.3 1 0
apilaundry/service/jwt_service.go:47.2,48.61 2 0
apilaundry/service/jwt_service.go:48.61,50.3 1 0
apilaundry/service/jwt_service.go:51.2,51.20 1 0
apilaundry/service/jwt_service.go:54.57,56.2 1 0
apilaundry/service/product_service.go:20.90,22.2 1 0
apilaundry/service/product_service.go:25.68,27.16 2 0
apilaundry/service/product_service.go:27.16,29.3 1 0
apilaundry/service/product_service.go:30.2,30.21 1 0
apilaundry/service/product_service.go:33.80,35.2 1 0
apilaundry/service/user_service.go:24.62,26.16 2 0
apilaundry/service/user_service.go:26.16,28.3 1 0
apilaundry/service/user_service.go:29.2,29.18 1 0
apilaundry/service/user_service.go:32.73,33.28 1 0
apilaundry/service/user_service.go:33.28,35.3 1 0
apilaundry/service/user_service.go:36.2,38.16 3 0
apilaundry/service/user_service.go:38.16,40.3 1 0
apilaundry/service/user_service.go:41.2,42.35 2 0
apilaundry/service/user_service.go:45.75,47.16 2 0
apilaundry/service/user_service.go:47.16,49.3 1 0
apilaundry/service/user_service.go:50.2,50.18 1 0
apilaundry/service/user_service.go:53.81,55.16 2 0
apilaundry/service/user_service.go:55.16,57.3 1 0
apilaundry/service/user_service.go:58.2,59.16 2 0
apilaundry/service/user_service.go:59.16,62.3 2 0
apilaundry/service/user_service.go:63.2,65.16 3 0
apilaundry/service/user_service.go:65.16,67.3 1 0
apilaundry/service/user_service.go:68.2,68.19 1 0
apilaundry/service/user_service.go:71.87,73.2 1 0
