mode: set
apilaundry/repository/bill_repository.go:19.73,21.16 2 1
apilaundry/repository/bill_repository.go:21.16,24.3 2 1
apilaundry/repository/bill_repository.go:26.2,34.16 5 1
apilaundry/repository/bill_repository.go:34.16,37.3 2 1
apilaundry/repository/bill_repository.go:38.2,40.40 2 1
apilaundry/repository/bill_repository.go:40.40,47.17 3 1
apilaundry/repository/bill_repository.go:47.17,50.4 2 1
apilaundry/repository/bill_repository.go:51.3,54.48 4 1
apilaundry/repository/bill_repository.go:56.2,59.44 4 1
apilaundry/repository/bill_repository.go:59.44,62.3 2 0
apilaundry/repository/bill_repository.go:63.2,63.18 1 1
apilaundry/repository/bill_repository.go:66.57,68.2 1 1
apilaundry/repository/customer_repository.go:19.83,20.24 1 0
apilaundry/repository/customer_repository.go:24.73,29.16 3 0
apilaundry/repository/customer_repository.go:29.16,32.3 2 0
apilaundry/repository/customer_repository.go:34.2,34.22 1 0
apilaundry/repository/customer_repository.go:37.65,39.2 1 0
apilaundry/repository/product_repository.go:21.93,26.16 4 0
apilaundry/repository/product_repository.go:26.16,28.3 1 0
apilaundry/repository/product_repository.go:30.2,32.16 3 0
apilaundry/repository/product_repository.go:32.16,34.3 1 0
apilaundry/repository/product_repository.go:36.2,36.17 1 0
apilaundry/repository/product_repository.go:36.17,47.17 3 0
apilaundry/repository/product_repository.go:47.17,49.4 1 0
apilaundry/repository/product_repository.go:51.3,51.39 1 0
apilaundry/repository/product_repository.go:54.2,60.30 2 0
apilaundry/repository/product_repository.go:64.71,69.16 3 0
apilaundry/repository/product_repository.go:69.16,72.3 2 0
apilaundry/repository/product_repository.go:74.2,74.21 1 0
apilaundry/repository/product_repository.go:77.63,79.2 1 0
apilaundry/repository/user_repository..go:24.75,25.24 1 0
apilaundry/repository/user_repository..go:29.65,34.16 3 0
apilaundry/repository/user_repository..go:34.16,37.3 2 0
apilaundry/repository/user_repository..go:38.2,38.18 1 0
apilaundry/repository/user_repository..go:41.75,52.16 3 0
apilaundry/repository/user_repository..go:52.16,54.3 1 0
apilaundry/repository/user_repository..go:56.2,56.15 1 0
apilaundry/repository/user_repository..go:59.76,61.34 1 0
apilaundry/repository/user_repository..go:61.34,64.3 2 0
apilaundry/repository/user_repository..go:67.2,79.16 3 0
apilaundry/repository/user_repository..go:79.16,81.3 1 0
apilaundry/repository/user_repository..go:82.2,82.18 1 0
apilaundry/repository/user_repository..go:85.64,88.17 3 0
apilaundry/repository/user_repository..go:88.17,92.3 3 0
apilaundry/repository/user_repository..go:94.2,95.32 2 0
apilaundry/repository/user_repository..go:95.32,96.19 1 0
apilaundry/repository/user_repository..go:96.19,98.9 2 0
apilaundry/repository/user_repository..go:99.9,101.4 1 0
apilaundry/repository/user_repository..go:103.2,103.17 1 0
apilaundry/repository/user_repository..go:106.57,108.2 1 0
