mode: set
apilaundry/controller/bill_controller.go:18.56,20.51 2 1
apilaundry/controller/bill_controller.go:20.51,23.3 2 1
apilaundry/controller/bill_controller.go:25.2,26.17 2 1
apilaundry/controller/bill_controller.go:26.17,28.3 1 0
apilaundry/controller/bill_controller.go:29.2,29.38 1 1
apilaundry/controller/bill_controller.go:32.34,35.2 2 1
apilaundry/controller/bill_controller.go:37.120,39.2 1 1
apilaundry/controller/product_controller.go:19.59,22.16 3 0
apilaundry/controller/product_controller.go:22.16,24.3 1 0
apilaundry/controller/product_controller.go:25.2,25.17 1 0
apilaundry/controller/product_controller.go:25.17,27.3 1 0
apilaundry/controller/product_controller.go:29.2,30.16 2 0
apilaundry/controller/product_controller.go:30.16,32.3 1 0
apilaundry/controller/product_controller.go:34.2,35.25 2 0
apilaundry/controller/product_controller.go:35.25,37.3 1 0
apilaundry/controller/product_controller.go:39.2,39.80 1 0
apilaundry/controller/product_controller.go:42.36,45.2 2 0
apilaundry/controller/product_controller.go:47.128,49.2 1 0
apilaundry/controller/user_controller.go:18.57,20.51 2 0
apilaundry/controller/user_controller.go:20.51,22.3 1 0
apilaundry/controller/user_controller.go:23.2,24.16 2 0
apilaundry/controller/user_controller.go:24.16,27.3 2 0
apilaundry/controller/user_controller.go:28.2,28.76 1 0
apilaundry/controller/user_controller.go:31.63,35.16 3 0
apilaundry/controller/user_controller.go:35.16,37.3 1 0
apilaundry/controller/user_controller.go:38.2,38.75 1 0
apilaundry/controller/user_controller.go:41.54,43.51 2 0
apilaundry/controller/user_controller.go:43.51,46.3 2 0
apilaundry/controller/user_controller.go:48.2,49.18 2 0
apilaundry/controller/user_controller.go:49.18,52.3 2 0
apilaundry/controller/user_controller.go:53.2,53.70 1 0
apilaundry/controller/user_controller.go:56.33,61.2 4 0
apilaundry/controller/user_controller.go:63.84,68.2 1 0
